{"/Users/garretthutson/StocksV2/client/index.js": {"path":"/Users/garretthutson/StocksV2/client/index.js","statementMap":{"0":{"start":{"line":6,"column":17},"end":{"line":6,"column":48}},"1":{"start":{"line":7,"column":13},"end":{"line":7,"column":33}},"2":{"start":{"line":9,"column":0},"end":{"line":11,"column":2}}},"fnMap":{},"branchMap":{},"s":{"0":0,"1":0,"2":0},"f":{},"b":{}}
,"/Users/garretthutson/StocksV2/client/components/App.js": {"path":"/Users/garretthutson/StocksV2/client/components/App.js","statementMap":{"0":{"start":{"line":13,"column":17},"end":{"line":13,"column":98}},"1":{"start":{"line":14,"column":34},"end":{"line":14,"column":49}},"2":{"start":{"line":15,"column":26},"end":{"line":17,"column":4}},"3":{"start":{"line":18,"column":26},"end":{"line":18,"column":40}},"4":{"start":{"line":22,"column":2},"end":{"line":35,"column":9}},"5":{"start":{"line":24,"column":22},"end":{"line":24,"column":24}},"6":{"start":{"line":25,"column":6},"end":{"line":31,"column":7}},"7":{"start":{"line":26,"column":18},"end":{"line":28,"column":10}},"8":{"start":{"line":29,"column":8},"end":{"line":29,"column":31}},"9":{"start":{"line":30,"column":8},"end":{"line":30,"column":26}},"10":{"start":{"line":32,"column":6},"end":{"line":32,"column":23}},"11":{"start":{"line":34,"column":4},"end":{"line":34,"column":20}},"12":{"start":{"line":38,"column":0},"end":{"line":40,"column":1}},"13":{"start":{"line":39,"column":2},"end":{"line":39,"column":27}},"14":{"start":{"line":42,"column":20},"end":{"line":50,"column":3}},"15":{"start":{"line":43,"column":22},"end":{"line":43,"column":24}},"16":{"start":{"line":44,"column":4},"end":{"line":48,"column":5}},"17":{"start":{"line":44,"column":17},"end":{"line":44,"column":18}},"18":{"start":{"line":45,"column":18},"end":{"line":45,"column":27}},"19":{"start":{"line":46,"column":20},"end":{"line":46,"column":29}},"20":{"start":{"line":47,"column":6},"end":{"line":47,"column":28}},"21":{"start":{"line":49,"column":4},"end":{"line":49,"column":21}},"22":{"start":{"line":51,"column":0},"end":{"line":51,"column":17}},"23":{"start":{"line":52,"column":2},"end":{"line":64,"column":4}}},"fnMap":{"0":{"name":"App","decl":{"start":{"line":9,"column":24},"end":{"line":9,"column":27}},"loc":{"start":{"line":9,"column":30},"end":{"line":65,"column":1}},"line":9},"1":{"name":"(anonymous_1)","decl":{"start":{"line":22,"column":12},"end":{"line":22,"column":13}},"loc":{"start":{"line":22,"column":18},"end":{"line":35,"column":3}},"line":22},"2":{"name":"getData","decl":{"start":{"line":23,"column":19},"end":{"line":23,"column":26}},"loc":{"start":{"line":23,"column":35},"end":{"line":33,"column":5}},"line":23},"3":{"name":"(anonymous_3)","decl":{"start":{"line":42,"column":20},"end":{"line":42,"column":21}},"loc":{"start":{"line":42,"column":26},"end":{"line":50,"column":3}},"line":42}},"branchMap":{"0":{"loc":{"start":{"line":38,"column":0},"end":{"line":40,"column":1}},"type":"if","locations":[{"start":{"line":38,"column":0},"end":{"line":40,"column":1}},{"start":{},"end":{}}],"line":38}},"s":{"0":1,"1":1,"2":1,"3":1,"4":1,"5":1,"6":1,"7":1,"8":0,"9":0,"10":0,"11":1,"12":1,"13":1,"14":0,"15":0,"16":0,"17":0,"18":0,"19":0,"20":0,"21":0,"22":0,"23":0},"f":{"0":1,"1":1,"2":1,"3":0},"b":{"0":[1,0]},"_coverageSchema":"1a1c01bbd47fc00a2c39e90264f33305004495a9","hash":"de13f72173bb7beae46303d6eb76c37ca2ca5868"}
,"/Users/garretthutson/StocksV2/client/components/Link.js": {"path":"/Users/garretthutson/StocksV2/client/components/Link.js","statementMap":{"0":{"start":{"line":3,"column":15},"end":{"line":6,"column":1}},"1":{"start":{"line":9,"column":30},"end":{"line":9,"column":53}},"2":{"start":{"line":11,"column":23},"end":{"line":13,"column":3}},"3":{"start":{"line":12,"column":4},"end":{"line":12,"column":30}},"4":{"start":{"line":15,"column":23},"end":{"line":17,"column":3}},"5":{"start":{"line":16,"column":4},"end":{"line":16,"column":29}},"6":{"start":{"line":19,"column":2},"end":{"line":28,"column":4}}},"fnMap":{"0":{"name":"Link","decl":{"start":{"line":8,"column":24},"end":{"line":8,"column":28}},"loc":{"start":{"line":8,"column":47},"end":{"line":29,"column":1}},"line":8},"1":{"name":"(anonymous_1)","decl":{"start":{"line":11,"column":23},"end":{"line":11,"column":24}},"loc":{"start":{"line":11,"column":29},"end":{"line":13,"column":3}},"line":11},"2":{"name":"(anonymous_2)","decl":{"start":{"line":15,"column":23},"end":{"line":15,"column":24}},"loc":{"start":{"line":15,"column":29},"end":{"line":17,"column":3}},"line":15}},"branchMap":{"0":{"loc":{"start":{"line":22,"column":12},"end":{"line":22,"column":23}},"type":"binary-expr","locations":[{"start":{"line":22,"column":12},"end":{"line":22,"column":16}},{"start":{"line":22,"column":20},"end":{"line":22,"column":23}}],"line":22}},"s":{"0":1,"1":3,"2":3,"3":1,"4":3,"5":1,"6":3},"f":{"0":3,"1":1,"2":1},"b":{"0":[3,0]},"_coverageSchema":"1a1c01bbd47fc00a2c39e90264f33305004495a9","hash":"526f663d937c988a6c8a79a30b7ecc9e9fb84386"}
,"/Users/garretthutson/StocksV2/client/components/Login.js": {"path":"/Users/garretthutson/StocksV2/client/components/Login.js","statementMap":{"0":{"start":{"line":5,"column":36},"end":{"line":5,"column":48}},"1":{"start":{"line":6,"column":36},"end":{"line":6,"column":48}},"2":{"start":{"line":7,"column":30},"end":{"line":7,"column":42}},"3":{"start":{"line":9,"column":27},"end":{"line":9,"column":61}},"4":{"start":{"line":9,"column":34},"end":{"line":9,"column":61}},"5":{"start":{"line":10,"column":27},"end":{"line":10,"column":61}},"6":{"start":{"line":10,"column":34},"end":{"line":10,"column":61}},"7":{"start":{"line":11,"column":24},"end":{"line":11,"column":55}},"8":{"start":{"line":11,"column":31},"end":{"line":11,"column":55}},"9":{"start":{"line":14,"column":18},"end":{"line":24,"column":10}},"10":{"start":{"line":25,"column":8},"end":{"line":25,"column":31}},"11":{"start":{"line":26,"column":8},"end":{"line":26,"column":25}},"12":{"start":{"line":27,"column":8},"end":{"line":27,"column":25}},"13":{"start":{"line":32,"column":18},"end":{"line":41,"column":10}},"14":{"start":{"line":42,"column":8},"end":{"line":42,"column":31}},"15":{"start":{"line":43,"column":8},"end":{"line":43,"column":25}},"16":{"start":{"line":44,"column":8},"end":{"line":44,"column":25}},"17":{"start":{"line":47,"column":4},"end":{"line":106,"column":5}},"18":{"start":{"line":56,"column":37},"end":{"line":56,"column":54}},"19":{"start":{"line":62,"column":37},"end":{"line":62,"column":54}},"20":{"start":{"line":68,"column":35},"end":{"line":68,"column":42}},"21":{"start":{"line":77,"column":37},"end":{"line":77,"column":54}},"22":{"start":{"line":84,"column":37},"end":{"line":84,"column":54}},"23":{"start":{"line":91,"column":37},"end":{"line":91,"column":51}},"24":{"start":{"line":99,"column":35},"end":{"line":99,"column":43}}},"fnMap":{"0":{"name":"Login","decl":{"start":{"line":3,"column":9},"end":{"line":3,"column":14}},"loc":{"start":{"line":3,"column":41},"end":{"line":107,"column":1}},"line":3},"1":{"name":"(anonymous_1)","decl":{"start":{"line":9,"column":27},"end":{"line":9,"column":28}},"loc":{"start":{"line":9,"column":34},"end":{"line":9,"column":61}},"line":9},"2":{"name":"(anonymous_2)","decl":{"start":{"line":10,"column":27},"end":{"line":10,"column":28}},"loc":{"start":{"line":10,"column":34},"end":{"line":10,"column":61}},"line":10},"3":{"name":"(anonymous_3)","decl":{"start":{"line":11,"column":24},"end":{"line":11,"column":25}},"loc":{"start":{"line":11,"column":31},"end":{"line":11,"column":55}},"line":11},"4":{"name":"signUp","decl":{"start":{"line":13,"column":19},"end":{"line":13,"column":25}},"loc":{"start":{"line":13,"column":28},"end":{"line":29,"column":5}},"line":13},"5":{"name":"login","decl":{"start":{"line":31,"column":19},"end":{"line":31,"column":24}},"loc":{"start":{"line":31,"column":27},"end":{"line":45,"column":5}},"line":31},"6":{"name":"(anonymous_6)","decl":{"start":{"line":56,"column":30},"end":{"line":56,"column":31}},"loc":{"start":{"line":56,"column":37},"end":{"line":56,"column":54}},"line":56},"7":{"name":"(anonymous_7)","decl":{"start":{"line":62,"column":30},"end":{"line":62,"column":31}},"loc":{"start":{"line":62,"column":37},"end":{"line":62,"column":54}},"line":62},"8":{"name":"(anonymous_8)","decl":{"start":{"line":68,"column":29},"end":{"line":68,"column":30}},"loc":{"start":{"line":68,"column":35},"end":{"line":68,"column":42}},"line":68},"9":{"name":"(anonymous_9)","decl":{"start":{"line":77,"column":30},"end":{"line":77,"column":31}},"loc":{"start":{"line":77,"column":37},"end":{"line":77,"column":54}},"line":77},"10":{"name":"(anonymous_10)","decl":{"start":{"line":84,"column":30},"end":{"line":84,"column":31}},"loc":{"start":{"line":84,"column":37},"end":{"line":84,"column":54}},"line":84},"11":{"name":"(anonymous_11)","decl":{"start":{"line":91,"column":30},"end":{"line":91,"column":31}},"loc":{"start":{"line":91,"column":37},"end":{"line":91,"column":51}},"line":91},"12":{"name":"(anonymous_12)","decl":{"start":{"line":99,"column":29},"end":{"line":99,"column":30}},"loc":{"start":{"line":99,"column":35},"end":{"line":99,"column":43}},"line":99}},"branchMap":{},"s":{"0":0,"1":0,"2":0,"3":0,"4":0,"5":0,"6":0,"7":0,"8":0,"9":0,"10":0,"11":0,"12":0,"13":0,"14":0,"15":0,"16":0,"17":0,"18":0,"19":0,"20":0,"21":0,"22":0,"23":0,"24":0},"f":{"0":0,"1":0,"2":0,"3":0,"4":0,"5":0,"6":0,"7":0,"8":0,"9":0,"10":0,"11":0,"12":0},"b":{},"_coverageSchema":"1a1c01bbd47fc00a2c39e90264f33305004495a9","hash":"42a1954c9fee1dfd13bdd6422c690c22a5278ba2"}
,"/Users/garretthutson/StocksV2/client/components/PortfolioTable.js": {"path":"/Users/garretthutson/StocksV2/client/components/PortfolioTable.js","statementMap":{"0":{"start":{"line":13,"column":33},"end":{"line":22,"column":3}},"1":{"start":{"line":14,"column":21},"end":{"line":14,"column":22}},"2":{"start":{"line":15,"column":22},"end":{"line":15,"column":36}},"3":{"start":{"line":16,"column":4},"end":{"line":20,"column":5}},"4":{"start":{"line":17,"column":22},"end":{"line":17,"column":41}},"5":{"start":{"line":18,"column":21},"end":{"line":18,"column":33}},"6":{"start":{"line":19,"column":6},"end":{"line":19,"column":48}},"7":{"start":{"line":21,"column":4},"end":{"line":21,"column":22}},"8":{"start":{"line":25,"column":30},"end":{"line":25,"column":54}},"9":{"start":{"line":27,"column":21},"end":{"line":38,"column":3}},"10":{"start":{"line":28,"column":17},"end":{"line":28,"column":19}},"11":{"start":{"line":29,"column":22},"end":{"line":29,"column":36}},"12":{"start":{"line":30,"column":4},"end":{"line":36,"column":5}},"13":{"start":{"line":31,"column":22},"end":{"line":31,"column":41}},"14":{"start":{"line":32,"column":21},"end":{"line":32,"column":33}},"15":{"start":{"line":33,"column":20},"end":{"line":33,"column":47}},"16":{"start":{"line":34,"column":25},"end":{"line":34,"column":64}},"17":{"start":{"line":35,"column":6},"end":{"line":35,"column":53}},"18":{"start":{"line":37,"column":4},"end":{"line":37,"column":16}},"19":{"start":{"line":39,"column":15},"end":{"line":39,"column":27}},"20":{"start":{"line":41,"column":18},"end":{"line":58,"column":1}},"21":{"start":{"line":49,"column":23},"end":{"line":49,"column":52}},"22":{"start":{"line":56,"column":23},"end":{"line":56,"column":52}},"23":{"start":{"line":60,"column":26},"end":{"line":60,"column":43}},"24":{"start":{"line":61,"column":40},"end":{"line":61,"column":58}},"25":{"start":{"line":63,"column":27},"end":{"line":65,"column":3}},"26":{"start":{"line":64,"column":4},"end":{"line":64,"column":21}},"27":{"start":{"line":67,"column":34},"end":{"line":70,"column":3}},"28":{"start":{"line":68,"column":4},"end":{"line":68,"column":40}},"29":{"start":{"line":69,"column":4},"end":{"line":69,"column":15}},"30":{"start":{"line":72,"column":2},"end":{"line":113,"column":4}},"31":{"start":{"line":79,"column":16},"end":{"line":85,"column":28}},"32":{"start":{"line":93,"column":16},"end":{"line":106,"column":18}},"33":{"start":{"line":96,"column":36},"end":{"line":96,"column":50}},"34":{"start":{"line":97,"column":22},"end":{"line":103,"column":24}}},"fnMap":{"0":{"name":"PortfolioTable","decl":{"start":{"line":11,"column":24},"end":{"line":11,"column":38}},"loc":{"start":{"line":11,"column":58},"end":{"line":114,"column":1}},"line":11},"1":{"name":"(anonymous_1)","decl":{"start":{"line":13,"column":33},"end":{"line":13,"column":34}},"loc":{"start":{"line":13,"column":39},"end":{"line":22,"column":3}},"line":13},"2":{"name":"(anonymous_2)","decl":{"start":{"line":27,"column":21},"end":{"line":27,"column":22}},"loc":{"start":{"line":27,"column":27},"end":{"line":38,"column":3}},"line":27},"3":{"name":"(anonymous_3)","decl":{"start":{"line":49,"column":12},"end":{"line":49,"column":13}},"loc":{"start":{"line":49,"column":23},"end":{"line":49,"column":52}},"line":49},"4":{"name":"(anonymous_4)","decl":{"start":{"line":56,"column":12},"end":{"line":56,"column":13}},"loc":{"start":{"line":56,"column":23},"end":{"line":56,"column":52}},"line":56},"5":{"name":"(anonymous_5)","decl":{"start":{"line":63,"column":27},"end":{"line":63,"column":28}},"loc":{"start":{"line":63,"column":47},"end":{"line":65,"column":3}},"line":63},"6":{"name":"(anonymous_6)","decl":{"start":{"line":67,"column":34},"end":{"line":67,"column":35}},"loc":{"start":{"line":67,"column":45},"end":{"line":70,"column":3}},"line":67},"7":{"name":"(anonymous_7)","decl":{"start":{"line":78,"column":27},"end":{"line":78,"column":28}},"loc":{"start":{"line":79,"column":16},"end":{"line":85,"column":28}},"line":79},"8":{"name":"(anonymous_8)","decl":{"start":{"line":92,"column":19},"end":{"line":92,"column":20}},"loc":{"start":{"line":92,"column":28},"end":{"line":107,"column":15}},"line":92},"9":{"name":"(anonymous_9)","decl":{"start":{"line":95,"column":33},"end":{"line":95,"column":34}},"loc":{"start":{"line":95,"column":45},"end":{"line":104,"column":21}},"line":95}},"branchMap":{"0":{"loc":{"start":{"line":99,"column":27},"end":{"line":101,"column":35}},"type":"cond-expr","locations":[{"start":{"line":100,"column":30},"end":{"line":100,"column":50}},{"start":{"line":101,"column":30},"end":{"line":101,"column":35}}],"line":99},"1":{"loc":{"start":{"line":99,"column":27},"end":{"line":99,"column":69}},"type":"binary-expr","locations":[{"start":{"line":99,"column":27},"end":{"line":99,"column":40}},{"start":{"line":99,"column":44},"end":{"line":99,"column":69}}],"line":99}},"s":{"0":0,"1":0,"2":0,"3":0,"4":0,"5":0,"6":0,"7":0,"8":0,"9":0,"10":0,"11":0,"12":0,"13":0,"14":0,"15":0,"16":0,"17":0,"18":0,"19":0,"20":0,"21":0,"22":0,"23":0,"24":0,"25":0,"26":0,"27":0,"28":0,"29":0,"30":0,"31":0,"32":0,"33":0,"34":0},"f":{"0":0,"1":0,"2":0,"3":0,"4":0,"5":0,"6":0,"7":0,"8":0,"9":0},"b":{"0":[0,0],"1":[0,0]},"_coverageSchema":"1a1c01bbd47fc00a2c39e90264f33305004495a9","hash":"f86e9862b185c675c5ec3be28b50f3092ffc5298"}
,"/Users/garretthutson/StocksV2/client/components/StockCard.js": {"path":"/Users/garretthutson/StocksV2/client/components/StockCard.js","statementMap":{"0":{"start":{"line":5,"column":21},"end":{"line":5,"column":33}},"1":{"start":{"line":6,"column":34},"end":{"line":6,"column":45}},"2":{"start":{"line":8,"column":27},"end":{"line":26,"column":5}},"3":{"start":{"line":11,"column":8},"end":{"line":11,"column":43}},"4":{"start":{"line":13,"column":21},"end":{"line":13,"column":39}},"5":{"start":{"line":16,"column":8},"end":{"line":25,"column":40}},"6":{"start":{"line":24,"column":22},"end":{"line":24,"column":33}},"7":{"start":{"line":25,"column":22},"end":{"line":25,"column":38}},"8":{"start":{"line":28,"column":28},"end":{"line":46,"column":5}},"9":{"start":{"line":31,"column":8},"end":{"line":31,"column":43}},"10":{"start":{"line":33,"column":21},"end":{"line":33,"column":38}},"11":{"start":{"line":36,"column":8},"end":{"line":45,"column":40}},"12":{"start":{"line":44,"column":22},"end":{"line":44,"column":33}},"13":{"start":{"line":45,"column":22},"end":{"line":45,"column":38}},"14":{"start":{"line":48,"column":4},"end":{"line":62,"column":3}}},"fnMap":{"0":{"name":"StockCard","decl":{"start":{"line":4,"column":9},"end":{"line":4,"column":18}},"loc":{"start":{"line":4,"column":35},"end":{"line":63,"column":1}},"line":4},"1":{"name":"(anonymous_1)","decl":{"start":{"line":8,"column":27},"end":{"line":8,"column":28}},"loc":{"start":{"line":8,"column":33},"end":{"line":26,"column":5}},"line":8},"2":{"name":"(anonymous_2)","decl":{"start":{"line":24,"column":14},"end":{"line":24,"column":15}},"loc":{"start":{"line":24,"column":22},"end":{"line":24,"column":33}},"line":24},"3":{"name":"(anonymous_3)","decl":{"start":{"line":25,"column":15},"end":{"line":25,"column":16}},"loc":{"start":{"line":25,"column":22},"end":{"line":25,"column":38}},"line":25},"4":{"name":"(anonymous_4)","decl":{"start":{"line":28,"column":28},"end":{"line":28,"column":29}},"loc":{"start":{"line":28,"column":34},"end":{"line":46,"column":5}},"line":28},"5":{"name":"(anonymous_5)","decl":{"start":{"line":44,"column":14},"end":{"line":44,"column":15}},"loc":{"start":{"line":44,"column":22},"end":{"line":44,"column":33}},"line":44},"6":{"name":"(anonymous_6)","decl":{"start":{"line":45,"column":15},"end":{"line":45,"column":16}},"loc":{"start":{"line":45,"column":22},"end":{"line":45,"column":38}},"line":45}},"branchMap":{},"s":{"0":0,"1":0,"2":0,"3":0,"4":0,"5":0,"6":0,"7":0,"8":0,"9":0,"10":0,"11":0,"12":0,"13":0,"14":0},"f":{"0":0,"1":0,"2":0,"3":0,"4":0,"5":0,"6":0},"b":{},"_coverageSchema":"1a1c01bbd47fc00a2c39e90264f33305004495a9","hash":"c15e09b902748cbc85d0dba9144134d54e883884"}
,"/Users/garretthutson/StocksV2/client/components/StockCarousel.js": {"path":"/Users/garretthutson/StocksV2/client/components/StockCarousel.js","statementMap":{"0":{"start":{"line":8,"column":4},"end":{"line":16,"column":3}},"1":{"start":{"line":12,"column":10},"end":{"line":12,"column":71}}},"fnMap":{"0":{"name":"StockCarousel","decl":{"start":{"line":5,"column":9},"end":{"line":5,"column":22}},"loc":{"start":{"line":5,"column":44},"end":{"line":17,"column":1}},"line":5},"1":{"name":"(anonymous_1)","decl":{"start":{"line":11,"column":20},"end":{"line":11,"column":21}},"loc":{"start":{"line":12,"column":10},"end":{"line":12,"column":71}},"line":12}},"branchMap":{},"s":{"0":0,"1":0},"f":{"0":0,"1":0},"b":{},"_coverageSchema":"1a1c01bbd47fc00a2c39e90264f33305004495a9","hash":"0608fe24c1399430e4e78a6d049d6dbf76c01e74"}
,"/Users/garretthutson/StocksV2/client/components/UserInfo.js": {"path":"/Users/garretthutson/StocksV2/client/components/UserInfo.js","statementMap":{"0":{"start":{"line":4,"column":37},"end":{"line":4,"column":41}},"1":{"start":{"line":6,"column":31},"end":{"line":14,"column":22}},"2":{"start":{"line":7,"column":21},"end":{"line":7,"column":22}},"3":{"start":{"line":8,"column":20},"end":{"line":8,"column":29}},"4":{"start":{"line":9,"column":2},"end":{"line":13,"column":3}},"5":{"start":{"line":10,"column":20},"end":{"line":10,"column":39}},"6":{"start":{"line":11,"column":19},"end":{"line":11,"column":31}},"7":{"start":{"line":12,"column":4},"end":{"line":12,"column":46}},"8":{"start":{"line":14,"column":2},"end":{"line":14,"column":20}},"9":{"start":{"line":16,"column":2},"end":{"line":22,"column":3}}},"fnMap":{"0":{"name":"UserInfo","decl":{"start":{"line":3,"column":9},"end":{"line":3,"column":17}},"loc":{"start":{"line":3,"column":37},"end":{"line":23,"column":1}},"line":3},"1":{"name":"(anonymous_1)","decl":{"start":{"line":6,"column":31},"end":{"line":6,"column":32}},"loc":{"start":{"line":6,"column":37},"end":{"line":14,"column":22}},"line":6}},"branchMap":{},"s":{"0":0,"1":0,"2":0,"3":0,"4":0,"5":0,"6":0,"7":0,"8":0,"9":0},"f":{"0":0,"1":0},"b":{},"_coverageSchema":"1a1c01bbd47fc00a2c39e90264f33305004495a9","hash":"3209fa235cfd92ba542cf58740bb8bbdc3743193"}
}
