TN:
SF:client/index.js
FNF:0
FNH:0
DA:6,0
DA:7,0
DA:9,0
LF:3
LH:0
BRF:0
BRH:0
end_of_record
TN:
SF:client/components/App.js
FN:9,App
FN:22,(anonymous_1)
FN:23,getData
FN:42,(anonymous_3)
FNF:4
FNH:3
FNDA:1,App
FNDA:1,(anonymous_1)
FNDA:1,getData
FNDA:0,(anonymous_3)
DA:13,1
DA:14,1
DA:15,1
DA:18,1
DA:22,1
DA:24,1
DA:25,1
DA:26,1
DA:29,0
DA:30,0
DA:32,0
DA:34,1
DA:38,1
DA:39,1
DA:42,0
DA:43,0
DA:44,0
DA:45,0
DA:46,0
DA:47,0
DA:49,0
DA:51,0
DA:52,0
LF:23
LH:11
BRDA:38,0,0,1
BRDA:38,0,1,0
BRF:2
BRH:1
end_of_record
TN:
SF:client/components/Link.js
FN:8,Link
FN:11,(anonymous_1)
FN:15,(anonymous_2)
FNF:3
FNH:3
FNDA:3,Link
FNDA:1,(anonymous_1)
FNDA:1,(anonymous_2)
DA:3,1
DA:9,3
DA:11,3
DA:12,1
DA:15,3
DA:16,1
DA:19,3
LF:7
LH:7
BRDA:22,0,0,3
BRDA:22,0,1,0
BRF:2
BRH:1
end_of_record
TN:
SF:client/components/Login.js
FN:3,Login
FN:9,(anonymous_1)
FN:10,(anonymous_2)
FN:11,(anonymous_3)
FN:13,signUp
FN:31,login
FN:56,(anonymous_6)
FN:62,(anonymous_7)
FN:68,(anonymous_8)
FN:77,(anonymous_9)
FN:84,(anonymous_10)
FN:91,(anonymous_11)
FN:99,(anonymous_12)
FNF:13
FNH:0
FNDA:0,Login
FNDA:0,(anonymous_1)
FNDA:0,(anonymous_2)
FNDA:0,(anonymous_3)
FNDA:0,signUp
FNDA:0,login
FNDA:0,(anonymous_6)
FNDA:0,(anonymous_7)
FNDA:0,(anonymous_8)
FNDA:0,(anonymous_9)
FNDA:0,(anonymous_10)
FNDA:0,(anonymous_11)
FNDA:0,(anonymous_12)
DA:5,0
DA:6,0
DA:7,0
DA:9,0
DA:10,0
DA:11,0
DA:14,0
DA:25,0
DA:26,0
DA:27,0
DA:32,0
DA:42,0
DA:43,0
DA:44,0
DA:47,0
DA:56,0
DA:62,0
DA:68,0
DA:77,0
DA:84,0
DA:91,0
DA:99,0
LF:22
LH:0
BRF:0
BRH:0
end_of_record
TN:
SF:client/components/PortfolioTable.js
FN:11,PortfolioTable
FN:13,(anonymous_1)
FN:27,(anonymous_2)
FN:49,(anonymous_3)
FN:56,(anonymous_4)
FN:63,(anonymous_5)
FN:67,(anonymous_6)
FN:78,(anonymous_7)
FN:92,(anonymous_8)
FN:95,(anonymous_9)
FNF:10
FNH:0
FNDA:0,PortfolioTable
FNDA:0,(anonymous_1)
FNDA:0,(anonymous_2)
FNDA:0,(anonymous_3)
FNDA:0,(anonymous_4)
FNDA:0,(anonymous_5)
FNDA:0,(anonymous_6)
FNDA:0,(anonymous_7)
FNDA:0,(anonymous_8)
FNDA:0,(anonymous_9)
DA:13,0
DA:14,0
DA:15,0
DA:16,0
DA:17,0
DA:18,0
DA:19,0
DA:21,0
DA:25,0
DA:27,0
DA:28,0
DA:29,0
DA:30,0
DA:31,0
DA:32,0
DA:33,0
DA:34,0
DA:35,0
DA:37,0
DA:39,0
DA:41,0
DA:49,0
DA:56,0
DA:60,0
DA:61,0
DA:63,0
DA:64,0
DA:67,0
DA:68,0
DA:69,0
DA:72,0
DA:79,0
DA:93,0
DA:96,0
DA:97,0
LF:35
LH:0
BRDA:99,0,0,0
BRDA:99,0,1,0
BRDA:99,1,0,0
BRDA:99,1,1,0
BRF:4
BRH:0
end_of_record
TN:
SF:client/components/StockCard.js
FN:4,StockCard
FN:8,(anonymous_1)
FN:24,(anonymous_2)
FN:25,(anonymous_3)
FN:28,(anonymous_4)
FN:44,(anonymous_5)
FN:45,(anonymous_6)
FNF:7
FNH:0
FNDA:0,StockCard
FNDA:0,(anonymous_1)
FNDA:0,(anonymous_2)
FNDA:0,(anonymous_3)
FNDA:0,(anonymous_4)
FNDA:0,(anonymous_5)
FNDA:0,(anonymous_6)
DA:5,0
DA:6,0
DA:8,0
DA:11,0
DA:13,0
DA:16,0
DA:24,0
DA:25,0
DA:28,0
DA:31,0
DA:33,0
DA:36,0
DA:44,0
DA:45,0
DA:48,0
LF:15
LH:0
BRF:0
BRH:0
end_of_record
TN:
SF:client/components/StockCarousel.js
FN:5,StockCarousel
FN:11,(anonymous_1)
FNF:2
FNH:0
FNDA:0,StockCarousel
FNDA:0,(anonymous_1)
DA:8,0
DA:12,0
LF:2
LH:0
BRF:0
BRH:0
end_of_record
TN:
SF:client/components/UserInfo.js
FN:3,UserInfo
FN:6,(anonymous_1)
FNF:2
FNH:0
FNDA:0,UserInfo
FNDA:0,(anonymous_1)
DA:4,0
DA:6,0
DA:7,0
DA:8,0
DA:9,0
DA:10,0
DA:11,0
DA:12,0
DA:14,0
DA:16,0
LF:10
LH:0
BRF:0
BRH:0
end_of_record
